# JRE version: Java(TM) SE Runtime Environment (8.0_251-b08) (build 1.8.0_251-b08)
# Java VM: Java HotSpot(TM) 64-Bit Server VM (25.251-b08 mixed mode windows-amd64 compressed oops)
Heap:
 PSYoungGen      total 189440K, used 5264K [0x00000000d5d80000, 0x00000000e5c80000, 0x0000000100000000)
  eden space 173568K, 3% used [0x00000000d5d80000,0x00000000d62a4290,0x00000000e0700000)
  from space 15872K, 0% used [0x00000000e0700000,0x00000000e0700000,0x00000000e1680000)
  to   space 17408K, 0% used [0x00000000e4b80000,0x00000000e4b80000,0x00000000e5c80000)
 ParOldGen       total 105472K, used 22506K [0x0000000081800000, 0x0000000087f00000, 0x00000000d5d80000)
  object space 105472K, 21% used [0x0000000081800000,0x0000000082dfa998,0x0000000087f00000)
 Metaspace       used 56049K, capacity 59420K, committed 59608K, reserved 1099776K
  class space    used 7770K, capacity 8340K, committed 8448K, reserved 1048576K
GC Heap History (10 events):
Event: 10.817 GC heap before
{Heap before GC invocations=8 (full 1):
 PSYoungGen      total 118784K, used 118363K [0x00000000d5d80000, 0x00000000df000000, 0x0000000100000000)
  eden space 110592K, 100% used [0x00000000d5d80000,0x00000000dc980000,0x00000000dc980000)
  from space 8192K, 94% used [0x00000000de800000,0x00000000def96e08,0x00000000df000000)
  to   space 9216K, 0% used [0x00000000dde00000,0x00000000dde00000,0x00000000de700000)
 ParOldGen       total 54272K, used 6891K [0x0000000081800000, 0x0000000084d00000, 0x00000000d5d80000)
  object space 54272K, 12% used [0x0000000081800000,0x0000000081ebafd8,0x0000000084d00000)
 Metaspace       used 33229K, capacity 35286K, committed 35416K, reserved 1079296K
  class space    used 4387K, capacity 4735K, committed 4736K, reserved 1048576K
Event: 10.839 GC heap after
Heap after GC invocations=8 (full 1):
 PSYoungGen      total 140800K, used 9200K [0x00000000d5d80000, 0x00000000e2200000, 0x0000000100000000)
  eden space 131584K, 0% used [0x00000000d5d80000,0x00000000d5d80000,0x00000000dde00000)
  from space 9216K, 99% used [0x00000000dde00000,0x00000000de6fc370,0x00000000de700000)
  to   space 11776K, 0% used [0x00000000e1680000,0x00000000e1680000,0x00000000e2200000)
 ParOldGen       total 54272K, used 9697K [0x0000000081800000, 0x0000000084d00000, 0x00000000d5d80000)
  object space 54272K, 17% used [0x0000000081800000,0x0000000082178548,0x0000000084d00000)
 Metaspace       used 33229K, capacity 35286K, committed 35416K, reserved 1079296K
  class space    used 4387K, capacity 4735K, committed 4736K, reserved 1048576K
}
Event: 10.839 GC heap before
{Heap before GC invocations=9 (full 2):
 PSYoungGen      total 140800K, used 9200K [0x00000000d5d80000, 0x00000000e2200000, 0x0000000100000000)
  eden space 131584K, 0% used [0x00000000d5d80000,0x00000000d5d80000,0x00000000dde00000)
  from space 9216K, 99% used [0x00000000dde00000,0x00000000de6fc370,0x00000000de700000)
  to   space 11776K, 0% used [0x00000000e1680000,0x00000000e1680000,0x00000000e2200000)
 ParOldGen       total 54272K, used 9697K [0x0000000081800000, 0x0000000084d00000, 0x00000000d5d80000)
  object space 54272K, 17% used [0x0000000081800000,0x0000000082178548,0x0000000084d00000)
 Metaspace       used 33229K, capacity 35286K, committed 35416K, reserved 1079296K
  class space    used 4387K, capacity 4735K, committed 4736K, reserved 1048576K
Event: 10.934 GC heap after
Heap after GC invocations=9 (full 2):
 PSYoungGen      total 140800K, used 0K [0x00000000d5d80000, 0x00000000e2200000, 0x0000000100000000)
  eden space 131584K, 0% used [0x00000000d5d80000,0x00000000d5d80000,0x00000000dde00000)
  from space 9216K, 0% used [0x00000000dde00000,0x00000000dde00000,0x00000000de700000)
  to   space 11776K, 0% used [0x00000000e1680000,0x00000000e1680000,0x00000000e2200000)
 ParOldGen       total 80896K, used 16416K [0x0000000081800000, 0x0000000086700000, 0x00000000d5d80000)
  object space 80896K, 20% used [0x0000000081800000,0x00000000828083b0,0x0000000086700000)
 Metaspace       used 33229K, capacity 35286K, committed 35416K, reserved 1079296K
  class space    used 4387K, capacity 4735K, committed 4736K, reserved 1048576K
}
Event: 29.589 GC heap before
{Heap before GC invocations=10 (full 2):
 PSYoungGen      total 140800K, used 131584K [0x00000000d5d80000, 0x00000000e2200000, 0x0000000100000000)
  eden space 131584K, 100% used [0x00000000d5d80000,0x00000000dde00000,0x00000000dde00000)
  from space 9216K, 0% used [0x00000000dde00000,0x00000000dde00000,0x00000000de700000)
  to   space 11776K, 0% used [0x00000000e1680000,0x00000000e1680000,0x00000000e2200000)
 ParOldGen       total 80896K, used 16416K [0x0000000081800000, 0x0000000086700000, 0x00000000d5d80000)
  object space 80896K, 20% used [0x0000000081800000,0x00000000828083b0,0x0000000086700000)
 Metaspace       used 49637K, capacity 52450K, committed 52696K, reserved 1095680K
  class space    used 6877K, capacity 7331K, committed 7424K, reserved 1048576K
Event: 29.661 GC heap after
Heap after GC invocations=10 (full 2):
 PSYoungGen      total 185344K, used 11767K [0x00000000d5d80000, 0x00000000e4500000, 0x0000000100000000)
  eden space 173568K, 0% used [0x00000000d5d80000,0x00000000d5d80000,0x00000000e0700000)
  from space 11776K, 99% used [0x00000000e1680000,0x00000000e21fde28,0x00000000e2200000)
  to   space 15872K, 0% used [0x00000000e0700000,0x00000000e0700000,0x00000000e1680000)
 ParOldGen       total 80896K, used 22747K [0x0000000081800000, 0x0000000086700000, 0x00000000d5d80000)
  object space 80896K, 28% used [0x0000000081800000,0x0000000082e36d50,0x0000000086700000)
 Metaspace       used 49637K, capacity 52450K, committed 52696K, reserved 1095680K
  class space    used 6877K, capacity 7331K, committed 7424K, reserved 1048576K
}
Event: 36.453 GC heap before
{Heap before GC invocations=11 (full 2):
 PSYoungGen      total 185344K, used 90128K [0x00000000d5d80000, 0x00000000e4500000, 0x0000000100000000)
  eden space 173568K, 45% used [0x00000000d5d80000,0x00000000daa06220,0x00000000e0700000)
  from space 11776K, 99% used [0x00000000e1680000,0x00000000e21fde28,0x00000000e2200000)
  to   space 15872K, 0% used [0x00000000e0700000,0x00000000e0700000,0x00000000e1680000)
 ParOldGen       total 80896K, used 22747K [0x0000000081800000, 0x0000000086700000, 0x00000000d5d80000)
  object space 80896K, 28% used [0x0000000081800000,0x0000000082e36d50,0x0000000086700000)
 Metaspace       used 55539K, capacity 58876K, committed 58968K, reserved 1099776K
  class space    used 7682K, capacity 8244K, committed 8320K, reserved 1048576K
Event: 36.475 GC heap after
Heap after GC invocations=11 (full 2):
 PSYoungGen      total 189440K, used 13601K [0x00000000d5d80000, 0x00000000e5c80000, 0x0000000100000000)
  eden space 173568K, 0% used [0x00000000d5d80000,0x00000000d5d80000,0x00000000e0700000)
  from space 15872K, 85% used [0x00000000e0700000,0x00000000e1448750,0x00000000e1680000)
  to   space 17408K, 0% used [0x00000000e4b80000,0x00000000e4b80000,0x00000000e5c80000)
 ParOldGen       total 80896K, used 22755K [0x0000000081800000, 0x0000000086700000, 0x00000000d5d80000)
  object space 80896K, 28% used [0x0000000081800000,0x0000000082e38d50,0x0000000086700000)
 Metaspace       used 55539K, capacity 58876K, committed 58968K, reserved 1099776K
  class space    used 7682K, capacity 8244K, committed 8320K, reserved 1048576K
}
Event: 36.475 GC heap before
{Heap before GC invocations=12 (full 3):
 PSYoungGen      total 189440K, used 13601K [0x00000000d5d80000, 0x00000000e5c80000, 0x0000000100000000)
  eden space 173568K, 0% used [0x00000000d5d80000,0x00000000d5d80000,0x00000000e0700000)
  from space 15872K, 85% used [0x00000000e0700000,0x00000000e1448750,0x00000000e1680000)
  to   space 17408K, 0% used [0x00000000e4b80000,0x00000000e4b80000,0x00000000e5c80000)
 ParOldGen       total 80896K, used 22755K [0x0000000081800000, 0x0000000086700000, 0x00000000d5d80000)
  object space 80896K, 28% used [0x0000000081800000,0x0000000082e38d50,0x0000000086700000)
 Metaspace       used 55539K, capacity 58876K, committed 58968K, reserved 1099776K
  class space    used 7682K, capacity 8244K, committed 8320K, reserved 1048576K
Event: 36.664 GC heap after
Heap after GC invocations=12 (full 3):
 PSYoungGen      total 189440K, used 0K [0x00000000d5d80000, 0x00000000e5c80000, 0x0000000100000000)
  eden space 173568K, 0% used [0x00000000d5d80000,0x00000000d5d80000,0x00000000e0700000)
  from space 15872K, 0% used [0x00000000e0700000,0x00000000e0700000,0x00000000e1680000)
  to   space 17408K, 0% used [0x00000000e4b80000,0x00000000e4b80000,0x00000000e5c80000)
 ParOldGen       total 105472K, used 22506K [0x0000000081800000, 0x0000000087f00000, 0x00000000d5d80000)
  object space 105472K, 21% used [0x0000000081800000,0x0000000082dfa998,0x0000000087f00000)
 Metaspace       used 55539K, capacity 58876K, committed 58968K, reserved 1099776K
  class space    used 7682K, capacity 8244K, committed 8320K, reserved 1048576K
}

